Log file open, 06/09/20 23:03:52
LogWindows: Failed to load 'aqProf.dll' (GetLastError=126)
LogWindows: File 'aqProf.dll' does not exist
LogWindows: Failed to load 'VtuneApi.dll' (GetLastError=126)
LogWindows: File 'VtuneApi.dll' does not exist
LogWindows: Failed to load 'VtuneApi32e.dll' (GetLastError=126)
LogWindows: File 'VtuneApi32e.dll' does not exist
LogInit: Display: Running engine for game: MyFirstUnreal
LogPlatformFile: Not using cached read wrapper
LogInit: Display: RandInit(-185871504) SRandInit(-185871504).
LogInit: Read version file with build ID '3944462'
LogInit: Overriding engine version to CL 4033788, compatible CL 3944462
LogInit: Registered custom module enumerator with build ID '3944462'
LogTaskGraph: Started task graph with 5 named threads and 47 total threads with 3 sets of task threads.
LogStats: Stats thread started at 0.530283
LogD3D11RHI: Aftermath initialized
LogICUInternationalization: Display: ICU TimeZone Detection - Raw Offset: +9:00, Platform Override: ''
LogPluginManager: Mounting plugin Paper2D
LogPluginManager: Mounting plugin LiveLink
LogPluginManager: Mounting plugin LightPropagationVolume
LogPluginManager: Mounting plugin CLionSourceCodeAccess
LogPluginManager: Mounting plugin CodeLiteSourceCodeAccess
LogPluginManager: Mounting plugin GitSourceControl
LogPluginManager: Mounting plugin KDevelopSourceCodeAccess
LogPluginManager: Mounting plugin NullSourceCodeAccess
LogPluginManager: Mounting plugin PerforceSourceControl
LogPluginManager: Mounting plugin SubversionSourceControl
LogPluginManager: Mounting plugin UObjectPlugin
LogPluginManager: Mounting plugin VisualStudioCodeSourceCodeAccess
LogPluginManager: Mounting plugin VisualStudioSourceCodeAccess
LogPluginManager: Mounting plugin XCodeSourceCodeAccess
LogPluginManager: Mounting plugin AssetManagerEditor
LogPluginManager: Mounting plugin CryptoKeys
LogPluginManager: Mounting plugin DataValidation
LogPluginManager: Mounting plugin FacialAnimation
LogPluginManager: Mounting plugin GameplayTagsEditor
LogPluginManager: Mounting plugin MobileLauncherProfileWizard
LogPluginManager: Mounting plugin PluginBrowser
LogPluginManager: Mounting plugin SpeedTreeImporter
LogPluginManager: Mounting plugin DatasmithContent
LogPluginManager: Mounting plugin AlembicImporter
LogPluginManager: Mounting plugin CharacterAI
LogPluginManager: Mounting plugin HTML5Networking
LogPluginManager: Mounting plugin AndroidMedia
LogPluginManager: Mounting plugin AvfMedia
LogPluginManager: Mounting plugin ImgMedia
LogPluginManager: Mounting plugin LinearTimecode
LogPluginManager: Mounting plugin MediaCompositing
LogPluginManager: Mounting plugin MediaPlayerEditor
LogPluginManager: Mounting plugin WmfMedia
LogPluginManager: Mounting plugin TcpMessaging
LogPluginManager: Mounting plugin UdpMessaging
LogPluginManager: Mounting plugin ActorSequence
LogPluginManager: Mounting plugin LevelSequenceEditor
LogPluginManager: Mounting plugin MatineeToLevelSequence
LogPluginManager: Mounting plugin NetcodeUnitTest
LogPluginManager: Mounting plugin NUTUnrealEngine4
LogPluginManager: Mounting plugin OnlineSubsystemGooglePlay
LogPluginManager: Mounting plugin OnlineSubsystemIOS
LogPluginManager: Mounting plugin OnlineSubsystem
LogPluginManager: Mounting plugin OnlineSubsystemNull
LogPluginManager: Mounting plugin OnlineSubsystemUtils
LogPluginManager: Mounting plugin AndroidDeviceProfileSelector
LogPluginManager: Mounting plugin AndroidMoviePlayer
LogPluginManager: Mounting plugin AndroidPermission
LogPluginManager: Mounting plugin AppleARKit
LogPluginManager: Mounting plugin AppleMoviePlayer
LogPluginManager: Mounting plugin ArchVisCharacter
LogPluginManager: Mounting plugin AudioCapture
LogPluginManager: Mounting plugin CableComponent
LogPluginManager: Mounting plugin CustomMeshComponent
LogPluginManager: Mounting plugin ExampleDeviceProfileSelector
LogPluginManager: Mounting plugin GoogleCloudMessaging
LogPluginManager: Mounting plugin ImmediatePhysics
LogPluginManager: Mounting plugin IOSDeviceProfileSelector
LogPluginManager: Mounting plugin LinuxDeviceProfileSelector
LogPluginManager: Mounting plugin LocationServicesBPLibrary
LogPluginManager: Mounting plugin MobilePatchingUtils
LogPluginManager: Mounting plugin OculusVR
LogPluginManager: Plugin shader directory ../../../Engine/Plugins/Runtime/Oculus/OculusVR/Shaders found
LogPluginManager: Mapping shader source directory ../../../Engine/Plugins/Runtime/Oculus/OculusVR/Shaders to virtual directory /Plugin/OculusVR
LogPluginManager: Mounting plugin PhysXVehicles
LogPluginManager: Mounting plugin ProceduralMeshComponent
LogPluginManager: Mounting plugin RuntimePhysXCooking
LogPluginManager: Mounting plugin SteamVR
LogPluginManager: Mounting plugin WindowsMoviePlayer
LogStreaming: Display: Took  0.069s to configure plugins.
LogModuleManager: Display: Found up-to-date module file ../../../../../../Users/Areong/Documents/Github/UnrealBook/MyFirstUnreal/Binaries/Win64/UE4Editor-MyFirstUnreal.dll (API version 3944462).
LogModuleManager: Display: Found up-to-date module file ../../../Engine/Plugins/2D/Paper2D/Binaries/Win64/UE4Editor-Paper2D.dll (API version 3944462).
LogModuleManager: Display: Found up-to-date module file ../../../Engine/Plugins/2D/Paper2D/Binaries/Win64/UE4Editor-Paper2DEditor.dll (API version 3944462).
LogModuleManager: Display: Found up-to-date module file ../../../Engine/Plugins/2D/Paper2D/Binaries/Win64/UE4Editor-PaperSpriteSheetImporter.dll (API version 3944462).
LogModuleManager: Display: Found up-to-date module file ../../../Engine/Plugins/2D/Paper2D/Binaries/Win64/UE4Editor-PaperTiledImporter.dll (API version 3944462).
LogModuleManager: Display: Found up-to-date module file ../../../Engine/Plugins/2D/Paper2D/Binaries/Win64/UE4Editor-SmartSnapping.dll (API version 3944462).
LogModuleManager: Display: Found up-to-date module file ../../../Engine/Plugins/Animation/LiveLink/Binaries/Win64/UE4Editor-LiveLink.dll (API version 3944462).
LogModuleManager: Display: Found up-to-date module file ../../../Engine/Plugins/Animation/LiveLink/Binaries/Win64/UE4Editor-LiveLinkEditor.dll (API version 3944462).
LogModuleManager: Display: Found up-to-date module file ../../../Engine/Plugins/Blendables/LightPropagationVolume/Binaries/Win64/UE4Editor-LightPropagationVolumeRuntime.dll (API version 3944462).
LogModuleManager: Display: Found up-to-date module file ../../../Engine/Plugins/Blendables/LightPropagationVolume/Binaries/Win64/UE4Editor-LightPropagationVolumeEditor.dll (API version 3944462).
LogModuleManager: Display: Found up-to-date module file ../../../Engine/Plugins/Developer/CLionSourceCodeAccess/Binaries/Win64/UE4Editor-CLionSourceCodeAccess.dll (API version 3944462).
LogModuleManager: Display: Found up-to-date module file ../../../Engine/Plugins/Developer/GitSourceControl/Binaries/Win64/UE4Editor-GitSourceControl.dll (API version 3944462).
LogModuleManager: Display: Found up-to-date module file ../../../Engine/Plugins/Developer/PerforceSourceControl/Binaries/Win64/UE4Editor-PerforceSourceControl.dll (API version 3944462).
LogModuleManager: Display: Found up-to-date module file ../../../Engine/Plugins/Developer/SubversionSourceControl/Binaries/Win64/UE4Editor-SubversionSourceControl.dll (API version 3944462).
LogModuleManager: Display: Found up-to-date module file ../../../Engine/Plugins/Developer/UObjectPlugin/Binaries/Win64/UE4Editor-UObjectPlugin.dll (API version 3944462).
LogModuleManager: Display: Found up-to-date module file ../../../Engine/Plugins/Developer/VisualStudioCodeSourceCodeAccess/Binaries/Win64/UE4Editor-VisualStudioCodeSourceCodeAccess.dll (API version 3944462).
LogModuleManager: Display: Found up-to-date module file ../../../Engine/Plugins/Developer/VisualStudioSourceCodeAccess/Binaries/Win64/UE4Editor-VisualStudioSourceCodeAccess.dll (API version 3944462).
LogModuleManager: Display: Found up-to-date module file ../../../Engine/Plugins/Editor/AssetManagerEditor/Binaries/Win64/UE4Editor-AssetManagerEditor.dll (API version 3944462).
LogModuleManager: Display: Found up-to-date module file ../../../Engine/Plugins/Editor/CryptoKeys/Binaries/Win64/UE4Editor-CryptoKeys.dll (API version 3944462).
LogModuleManager: Display: Found up-to-date module file ../../../Engine/Plugins/Editor/CryptoKeys/Binaries/Win64/UE4Editor-CryptoKeysOpenSSL.dll (API version 3944462).
LogModuleManager: Display: Found up-to-date module file ../../../Engine/Plugins/Editor/DataValidation/Binaries/Win64/UE4Editor-DataValidation.dll (API version 3944462).
LogModuleManager: Display: Found up-to-date module file ../../../Engine/Plugins/Editor/FacialAnimation/Binaries/Win64/UE4Editor-FacialAnimation.dll (API version 3944462).
LogModuleManager: Display: Found up-to-date module file ../../../Engine/Plugins/Editor/FacialAnimation/Binaries/Win64/UE4Editor-FacialAnimationEditor.dll (API version 3944462).
LogModuleManager: Display: Found up-to-date module file ../../../Engine/Plugins/Editor/GameplayTagsEditor/Binaries/Win64/UE4Editor-GameplayTagsEditor.dll (API version 3944462).
LogModuleManager: Display: Found up-to-date module file ../../../Engine/Plugins/Editor/MobileLauncherProfileWizard/Binaries/Win64/UE4Editor-MobileLauncherProfileWizard.dll (API version 3944462).
LogModuleManager: Display: Found up-to-date module file ../../../Engine/Plugins/Editor/PluginBrowser/Binaries/Win64/UE4Editor-PluginBrowser.dll (API version 3944462).
LogModuleManager: Display: Found up-to-date module file ../../../Engine/Plugins/Editor/SpeedTreeImporter/Binaries/Win64/UE4Editor-SpeedTreeImporter.dll (API version 3944462).
LogModuleManager: Display: Found up-to-date module file ../../../Engine/Plugins/Enterprise/DatasmithContent/Binaries/Win64/UE4Editor-DatasmithContent.dll (API version 3944462).
LogModuleManager: Display: Found up-to-date module file ../../../Engine/Plugins/Experimental/AlembicImporter/Binaries/Win64/UE4Editor-AlembicImporter.dll (API version 3944462).
LogModuleManager: Display: Found up-to-date module file ../../../Engine/Plugins/Experimental/AlembicImporter/Binaries/Win64/UE4Editor-AlembicLibrary.dll (API version 3944462).
LogModuleManager: Display: Found up-to-date module file ../../../Engine/Plugins/Experimental/CharacterAI/Binaries/Win64/UE4Editor-CharacterAI.dll (API version 3944462).
LogModuleManager: Display: Found up-to-date module file ../../../Engine/Plugins/Experimental/HTML5Networking/Binaries/Win64/UE4Editor-HTML5Networking.dll (API version 3944462).
LogModuleManager: Display: Found up-to-date module file ../../../Engine/Plugins/Media/AndroidMedia/Binaries/Win64/UE4Editor-AndroidMediaEditor.dll (API version 3944462).
LogModuleManager: Display: Found up-to-date module file ../../../Engine/Plugins/Media/AndroidMedia/Binaries/Win64/UE4Editor-AndroidMediaFactory.dll (API version 3944462).
LogModuleManager: Display: Found up-to-date module file ../../../Engine/Plugins/Media/AvfMedia/Binaries/Win64/UE4Editor-AvfMediaEditor.dll (API version 3944462).
LogModuleManager: Display: Found up-to-date module file ../../../Engine/Plugins/Media/AvfMedia/Binaries/Win64/UE4Editor-AvfMediaFactory.dll (API version 3944462).
LogModuleManager: Display: Found up-to-date module file ../../../Engine/Plugins/Media/AvfMedia/Binaries/Win64/UE4Editor-AvfMediaFactory.dll (API version 3944462).
LogModuleManager: Display: Found up-to-date module file ../../../Engine/Plugins/Media/ImgMedia/Binaries/Win64/UE4Editor-ImgMedia.dll (API version 3944462).
LogModuleManager: Display: Found up-to-date module file ../../../Engine/Plugins/Media/ImgMedia/Binaries/Win64/UE4Editor-ImgMediaEditor.dll (API version 3944462).
LogModuleManager: Display: Found up-to-date module file ../../../Engine/Plugins/Media/ImgMedia/Binaries/Win64/UE4Editor-ImgMediaFactory.dll (API version 3944462).
LogModuleManager: Display: Found up-to-date module file ../../../Engine/Plugins/Media/ImgMedia/Binaries/Win64/UE4Editor-ImgMediaFactory.dll (API version 3944462).
LogModuleManager: Display: Found up-to-date module file ../../../Engine/Plugins/Media/ImgMedia/Binaries/Win64/UE4Editor-OpenExrWrapper.dll (API version 3944462).
LogModuleManager: Display: Found up-to-date module file ../../../Engine/Plugins/Media/LinearTimecode/Binaries/Win64/UE4Editor-LinearTimecode.dll (API version 3944462).
LogModuleManager: Display: Found up-to-date module file ../../../Engine/Plugins/Media/MediaCompositing/Binaries/Win64/UE4Editor-MediaCompositing.dll (API version 3944462).
LogModuleManager: Display: Found up-to-date module file ../../../Engine/Plugins/Media/MediaCompositing/Binaries/Win64/UE4Editor-MediaCompositingEditor.dll (API version 3944462).
LogModuleManager: Display: Found up-to-date module file ../../../Engine/Plugins/Media/MediaPlayerEditor/Binaries/Win64/UE4Editor-MediaPlayerEditor.dll (API version 3944462).
LogModuleManager: Display: Found up-to-date module file ../../../Engine/Plugins/Media/WmfMedia/Binaries/Win64/UE4Editor-WmfMedia.dll (API version 3944462).
LogModuleManager: Display: Found up-to-date module file ../../../Engine/Plugins/Media/WmfMedia/Binaries/Win64/UE4Editor-WmfMediaEditor.dll (API version 3944462).
LogModuleManager: Display: Found up-to-date module file ../../../Engine/Plugins/Media/WmfMedia/Binaries/Win64/UE4Editor-WmfMediaFactory.dll (API version 3944462).
LogModuleManager: Display: Found up-to-date module file ../../../Engine/Plugins/Media/WmfMedia/Binaries/Win64/UE4Editor-WmfMediaFactory.dll (API version 3944462).
LogModuleManager: Display: Found up-to-date module file ../../../Engine/Plugins/Messaging/TcpMessaging/Binaries/Win64/UE4Editor-TcpMessaging.dll (API version 3944462).
LogModuleManager: Display: Found up-to-date module file ../../../Engine/Plugins/Messaging/UdpMessaging/Binaries/Win64/UE4Editor-UdpMessaging.dll (API version 3944462).
LogModuleManager: Display: Found up-to-date module file ../../../Engine/Plugins/MovieScene/ActorSequence/Binaries/Win64/UE4Editor-ActorSequence.dll (API version 3944462).
LogModuleManager: Display: Found up-to-date module file ../../../Engine/Plugins/MovieScene/LevelSequenceEditor/Binaries/Win64/UE4Editor-LevelSequenceEditor.dll (API version 3944462).
LogModuleManager: Display: Found up-to-date module file ../../../Engine/Plugins/MovieScene/MatineeToLevelSequence/Binaries/Win64/UE4Editor-MatineeToLevelSequence.dll (API version 3944462).
LogModuleManager: Display: Found up-to-date module file ../../../Engine/Plugins/NetcodeUnitTest/NetcodeUnitTest/Binaries/Win64/UE4Editor-NetcodeUnitTest.dll (API version 3944462).
LogModuleManager: Display: Found up-to-date module file ../../../Engine/Plugins/NetcodeUnitTest/NUTUnrealEngine4/Binaries/Win64/UE4Editor-NUTUnrealEngine4.dll (API version 3944462).
LogModuleManager: Display: Found up-to-date module file ../../../Engine/Plugins/Online/OnlineSubsystem/Binaries/Win64/UE4Editor-OnlineSubsystem.dll (API version 3944462).
LogModuleManager: Display: Found up-to-date module file ../../../Engine/Plugins/Online/OnlineSubsystemNull/Binaries/Win64/UE4Editor-OnlineSubsystemNull.dll (API version 3944462).
LogModuleManager: Display: Found up-to-date module file ../../../Engine/Plugins/Online/OnlineSubsystemUtils/Binaries/Win64/UE4Editor-OnlineSubsystemUtils.dll (API version 3944462).
LogModuleManager: Display: Found up-to-date module file ../../../Engine/Plugins/Online/OnlineSubsystemUtils/Binaries/Win64/UE4Editor-OnlineBlueprintSupport.dll (API version 3944462).
LogModuleManager: Display: Found up-to-date module file ../../../Engine/Plugins/Runtime/AndroidDeviceProfileSelector/Binaries/Win64/UE4Editor-AndroidDeviceProfileSelector.dll (API version 3944462).
LogModuleManager: Display: Found up-to-date module file ../../../Engine/Plugins/Runtime/AndroidPermission/Binaries/Win64/UE4Editor-AndroidPermission.dll (API version 3944462).
LogModuleManager: Display: Found up-to-date module file ../../../Engine/Plugins/Runtime/AppleARKit/Binaries/Win64/UE4Editor-AppleARKit.dll (API version 3944462).
LogModuleManager: Display: Found up-to-date module file ../../../Engine/Plugins/Runtime/ArchVisCharacter/Binaries/Win64/UE4Editor-ArchVisCharacter.dll (API version 3944462).
LogModuleManager: Display: Found up-to-date module file ../../../Engine/Plugins/Runtime/AudioCapture/Binaries/Win64/UE4Editor-AudioCapture.dll (API version 3944462).
LogModuleManager: Display: Found up-to-date module file ../../../Engine/Plugins/Runtime/AudioCapture/Binaries/Win64/UE4Editor-AudioCaptureEditor.dll (API version 3944462).
LogModuleManager: Display: Found up-to-date module file ../../../Engine/Plugins/Runtime/CableComponent/Binaries/Win64/UE4Editor-CableComponent.dll (API version 3944462).
LogModuleManager: Display: Found up-to-date module file ../../../Engine/Plugins/Runtime/CustomMeshComponent/Binaries/Win64/UE4Editor-CustomMeshComponent.dll (API version 3944462).
LogModuleManager: Display: Found up-to-date module file ../../../Engine/Plugins/Runtime/ExampleDeviceProfileSelector/Binaries/Win64/UE4Editor-ExampleDeviceProfileSelector.dll (API version 3944462).
LogModuleManager: Display: Found up-to-date module file ../../../Engine/Plugins/Runtime/ImmediatePhysics/Binaries/Win64/UE4Editor-ImmediatePhysics.dll (API version 3944462).
LogModuleManager: Display: Found up-to-date module file ../../../Engine/Plugins/Runtime/ImmediatePhysics/Binaries/Win64/UE4Editor-ImmediatePhysicsEditor.dll (API version 3944462).
LogModuleManager: Display: Found up-to-date module file ../../../Engine/Plugins/Runtime/LocationServicesBPLibrary/Binaries/Win64/UE4Editor-LocationServicesBPLibrary.dll (API version 3944462).
LogModuleManager: Display: Found up-to-date module file ../../../Engine/Plugins/Runtime/MobilePatchingUtils/Binaries/Win64/UE4Editor-MobilePatchingUtils.dll (API version 3944462).
LogModuleManager: Display: Found up-to-date module file ../../../Engine/Plugins/Runtime/Oculus/OculusVR/Binaries/Win64/UE4Editor-OculusHMD.dll (API version 3944462).
LogModuleManager: Display: Found up-to-date module file ../../../Engine/Plugins/Runtime/Oculus/OculusVR/Binaries/Win64/UE4Editor-OculusInput.dll (API version 3944462).
LogModuleManager: Display: Found up-to-date module file ../../../Engine/Plugins/Runtime/Oculus/OculusVR/Binaries/Win64/UE4Editor-OculusEditor.dll (API version 3944462).
LogModuleManager: Display: Found up-to-date module file ../../../Engine/Plugins/Runtime/PhysXVehicles/Binaries/Win64/UE4Editor-PhysXVehicles.dll (API version 3944462).
LogModuleManager: Display: Found up-to-date module file ../../../Engine/Plugins/Runtime/PhysXVehicles/Binaries/Win64/UE4Editor-PhysXVehiclesEditor.dll (API version 3944462).
LogModuleManager: Display: Found up-to-date module file ../../../Engine/Plugins/Runtime/ProceduralMeshComponent/Binaries/Win64/UE4Editor-ProceduralMeshComponent.dll (API version 3944462).
LogModuleManager: Display: Found up-to-date module file ../../../Engine/Plugins/Runtime/ProceduralMeshComponent/Binaries/Win64/UE4Editor-ProceduralMeshComponentEditor.dll (API version 3944462).
LogModuleManager: Display: Found up-to-date module file ../../../Engine/Plugins/Runtime/RuntimePhysXCooking/Binaries/Win64/UE4Editor-RuntimePhysXCooking.dll (API version 3944462).
LogModuleManager: Display: Found up-to-date module file ../../../Engine/Plugins/Runtime/Steam/SteamVR/Binaries/Win64/UE4Editor-SteamVR.dll (API version 3944462).
LogModuleManager: Display: Found up-to-date module file ../../../Engine/Plugins/Runtime/Steam/SteamVR/Binaries/Win64/UE4Editor-SteamVRController.dll (API version 3944462).
LogModuleManager: Display: Found up-to-date module file ../../../Engine/Plugins/Runtime/WindowsMoviePlayer/Binaries/Win64/UE4Editor-WindowsMoviePlayer.dll (API version 3944462).
LogInit: Using libcurl 7.47.1
LogInit:  - built for x86_64-pc-win32
LogInit:  - supports SSL with OpenSSL/1.0.2g
LogInit:  - supports HTTP deflate (compression) using libz 1.2.8
LogInit:  - other features:
LogInit:      CURL_VERSION_SSL
LogInit:      CURL_VERSION_LIBZ
LogInit:      CURL_VERSION_IPV6
LogInit:      CURL_VERSION_ASYNCHDNS
LogInit:      CURL_VERSION_LARGEFILE
LogInit:      CURL_VERSION_IDN
LogInit:  CurlRequestOptions (configurable via config and command line):
LogInit:  - bVerifyPeer = false  - Libcurl will NOT verify peer certificate
LogInit:  - bUseHttpProxy = false  - Libcurl will NOT use HTTP proxy
LogInit:  - bDontReuseConnections = false  - Libcurl will reuse connections
LogInit:  - CertBundlePath = nullptr  - Libcurl will use whatever was configured at build time.
LogInit:  - MaxHostConnections = 16  - Libcurl will limit the number of connections to a host
LogInit:  - LocalHostAddr = Default
LogInit: WinSock: version 1.1 (2.2), MaxSocks=32767, MaxUdp=65467
LogInit: WinSock: I am DESKTOP-FJV31HT (192.168.25.2:0)
LogInit: Build: ++UE4+Release-4.19-CL-4033788
LogInit: Engine Version: 4.19.2-4033788+++UE4+Release-4.19
LogInit: Compatible Engine Version: 4.19.0-3944462+++UE4+Release-4.19
LogInit: Net CL: 3944462
LogDevObjectVersion: Number of dev versions registered: 18
LogDevObjectVersion:   Dev-Blueprints (B0D832E4-1F89-4F0D-ACCF-7EB736FD4AA2): 10
LogDevObjectVersion:   Dev-Build (E1C64328-A22C-4D53-A36C-8E866417BD8C): 0
LogDevObjectVersion:   Dev-Core (375EC13C-06E4-48FB-B500-84F0262A717E): 2
LogDevObjectVersion:   Dev-Editor (E4B068ED-F494-42E9-A231-DA0B2E46BB41): 23
LogDevObjectVersion:   Dev-Framework (CFFC743F-43B0-4480-9391-14DF171D2073): 33
LogDevObjectVersion:   Dev-Mobile (B02B49B5-BB20-44E9-A304-32B752E40360): 2
LogDevObjectVersion:   Dev-Networking (A4E4105C-59A1-49B5-A7C5-40C4547EDFEE): 0
LogDevObjectVersion:   Dev-Online (39C831C9-5AE6-47DC-9A44-9C173E1C8E7C): 0
LogDevObjectVersion:   Dev-Physics (78F01B33-EBEA-4F98-B9B4-84EACCB95AA2): 0
LogDevObjectVersion:   Dev-Platform (6631380F-2D4D-43E0-8009-CF276956A95A): 0
LogDevObjectVersion:   Dev-Rendering (12F88B9F-8875-4AFC-A67C-D90C383ABD29): 25
LogDevObjectVersion:   Dev-Sequencer (7B5AE74C-D270-4C10-A958-57980B212A5A): 6
LogDevObjectVersion:   Dev-VR (D7296918-1DD6-4BDD-9DE2-64A83CC13884): 1
LogDevObjectVersion:   Dev-LoadTimes (C2A15278-BFE7-4AFE-6C17-90FF531DF755): 1
LogDevObjectVersion:   Private-Geometry (6EACA3D4-40EC-4CC1-B786-8BED09428FC5): 2
LogDevObjectVersion:   Dev-AnimPhys (29E575DD-E0A3-4627-9D10-D276232CDCEA): 16
LogDevObjectVersion:   Dev-ReflectionCapture (6B266CEC-1EC7-4B8F-A30B-E4D90942FC07): 1
LogDevObjectVersion:   Dev-Automation (0DF73D61-A23F-47EA-B727-89E90C41499A): 1
LogInit: Compiled (64-bit): Apr 27 2018 02:06:57
LogInit: Compiled with Visual C++: 19.00.24215.01
LogInit: Build Configuration: Development
LogInit: Branch Name: ++UE4+Release-4.19
LogInit: Command Line: -EpicPortal  -epicusername="areong" -epicuserid=2f04e39d2494488e83cb230100dd908b -epiclocale=ko
LogInit: Base Directory: C:/Program Files/Epic Games/UE_4.19/Engine/Binaries/Win64/
LogInit: Installed Engine Build: 1
LogStreaming: Display: Took  0.000s to delete old logs.
LogInit: Presizing for max 8388607 objects, including 0 objects not considered by GC, pre-allocating 0 bytes for permanent pool.
LogInit: Object subsystem initialized
[2020.06.09-14.03.54:348][  0]LogInit: Selected Device Profile: [Windows]
[2020.06.09-14.03.54:348][  0]LogInit: Applying CVar settings loaded from the selected device profile: [Windows]
[2020.06.09-14.03.54:359][  0]LogInit: Computer: DESKTOP-FJV31HT
[2020.06.09-14.03.54:359][  0]LogInit: User: Areong
[2020.06.09-14.03.54:359][  0]LogInit: CPU Page size=4096, Cores=8
[2020.06.09-14.03.54:359][  0]LogInit: High frequency timer resolution =10.000000 MHz
[2020.06.09-14.03.54:359][  0]LogMemory: Memory total: Physical=31.9GB (32GB approx)
[2020.06.09-14.03.54:359][  0]LogMemory: Platform Memory Stats for Windows
[2020.06.09-14.03.54:359][  0]LogMemory: Process Physical Memory: 276.15 MB used, 276.15 MB peak
[2020.06.09-14.03.54:359][  0]LogMemory: Process Virtual Memory: 272.29 MB used, 272.29 MB peak
[2020.06.09-14.03.54:359][  0]LogMemory: Physical Memory: 7431.94 MB used,  25267.20 MB free, 32699.14 MB total
[2020.06.09-14.03.54:359][  0]LogMemory: Virtual Memory: 4812.56 MB used,  25267.20 MB free, 134217728.00 MB total
[2020.06.09-14.03.54:372][  0]LogInit: Using OS detected language (ko-KR).
[2020.06.09-14.03.54:372][  0]LogInit: Using OS detected locale (ko-KR).
[2020.06.09-14.03.54:374][  0]LogTextLocalizationManager: No specific localization for 'ko-KR' exists, so the 'ko' localization will be used.
[2020.06.09-14.03.54:701][  0]LogStreaming: Display: Took  0.330s to EndInitTextLocalization.
[2020.06.09-14.03.54:701][  0]LogInit: Setting process to per monitor DPI aware
[2020.06.09-14.03.54:736][  0]LogSlate: New Slate User Created.  User Index 0, Is Virtual User: 0
[2020.06.09-14.03.54:736][  0]LogSlate: Slate User Registered.  User Index 0, Is Virtual User: 0
[2020.06.09-14.03.54:873][  0]LogD3D11RHI: D3D11 adapters:
[2020.06.09-14.03.54:935][  0]LogD3D11RHI:    0. 'NVIDIA GeForce RTX 2060' (Feature Level 11_0)
[2020.06.09-14.03.54:935][  0]LogD3D11RHI:       5980/0/16349 MB DedicatedVideo/DedicatedSystem/SharedSystem, Outputs:1, VendorId:0x10de
[2020.06.09-14.03.54:937][  0]LogD3D11RHI:    1. 'Microsoft Basic Render Driver' (Feature Level 11_0)
[2020.06.09-14.03.54:937][  0]LogD3D11RHI:       0/0/16349 MB DedicatedVideo/DedicatedSystem/SharedSystem, Outputs:0, VendorId:0x1414
[2020.06.09-14.03.54:937][  0]LogD3D11RHI: Chosen D3D11 Adapter: 0
[2020.06.09-14.03.54:942][  0]LogD3D11RHI: Creating new Direct3DDevice
[2020.06.09-14.03.54:942][  0]LogD3D11RHI:     GPU DeviceId: 0x1f08 (for the marketing name, search the web for "GPU Device Id")
[2020.06.09-14.03.54:943][  0]LogWindows: EnumDisplayDevices:
[2020.06.09-14.03.54:943][  0]LogWindows:    0. 'NVIDIA GeForce RTX 2060' (P:1 D:1)
[2020.06.09-14.03.54:943][  0]LogWindows:    1. 'NVIDIA GeForce RTX 2060' (P:0 D:0)
[2020.06.09-14.03.54:943][  0]LogWindows:    2. 'NVIDIA GeForce RTX 2060' (P:0 D:0)
[2020.06.09-14.03.54:943][  0]LogWindows:    3. 'NVIDIA GeForce RTX 2060' (P:0 D:0)
[2020.06.09-14.03.54:943][  0]LogWindows: DebugString: GetVideoDriverDetailsInvalid PrimaryIsNotTheChoosenAdapter GetVideoDriverDetailsInvalid PrimaryIsNotTheChoosenAdapter GetVideoDriverDetailsInvalid PrimaryIsNotTheChoosenAdapter GetVideoDriverDetailsInvalid PrimaryIsNotTheChoosenAdapter FoundDriverCount:0 
[2020.06.09-14.03.54:943][  0]LogD3D11RHI:     Adapter Name: NVIDIA GeForce RTX 2060
[2020.06.09-14.03.54:943][  0]LogD3D11RHI:   Driver Version: Unknown (internal:Unknown, unified:Unknown)
[2020.06.09-14.03.54:943][  0]LogD3D11RHI:      Driver Date: Unknown
[2020.06.09-14.03.54:943][  0]LogRHI: Texture pool is 4186 MB (70% of 5980 MB)
[2020.06.09-14.03.54:980][  0]LogD3D11RHI: [Aftermath] Aftermath enabled and primed
[2020.06.09-14.03.54:980][  0]LogD3D11RHI: [Aftermath] Aftermath enabled and primed
[2020.06.09-14.03.54:980][  0]LogD3D11RHI: Async texture creation enabled
[2020.06.09-14.03.54:991][  0]LogD3D11RHI: GPU Timing Frequency: 1000.000000 (Debug: 2 1)
[2020.06.09-14.03.55:041][  0]LogShaderCompilers: Guid format shader working directory is -26 characters bigger than the processId version (../../../../../../Users/Areong/Documents/Github/UnrealBook/MyFirstUnreal/Intermediate/Shaders/WorkingDirectory/14744/).
[2020.06.09-14.03.55:041][  0]LogShaderCompilers: Cleaned the shader compiler working directory 'C:/Users/Areong/AppData/Local/Temp/UnrealShaderWorkingDir/921272E749147AF4164AE4998D71FA59/'.
[2020.06.09-14.03.55:194][  0]LogTemp: Display: Loaded TP AllDesktopTargetPlatform
[2020.06.09-14.03.55:207][  0]LogTemp: Display: Loaded TP MacClientTargetPlatform
[2020.06.09-14.03.55:219][  0]LogTemp: Display: Loaded TP MacNoEditorTargetPlatform
[2020.06.09-14.03.55:231][  0]LogTemp: Display: Loaded TP MacServerTargetPlatform
[2020.06.09-14.03.55:243][  0]LogTemp: Display: Loaded TP MacTargetPlatform
[2020.06.09-14.03.55:255][  0]LogTemp: Display: Loaded TP WindowsClientTargetPlatform
[2020.06.09-14.03.55:267][  0]LogTemp: Display: Loaded TP WindowsNoEditorTargetPlatform
[2020.06.09-14.03.55:279][  0]LogTemp: Display: Loaded TP WindowsServerTargetPlatform
[2020.06.09-14.03.55:286][  0]LogTemp: Display: Loaded TP WindowsTargetPlatform
[2020.06.09-14.03.55:296][  0]LogTemp: Display: Loaded TP Android_ASTCTargetPlatform
[2020.06.09-14.03.55:307][  0]LogTemp: Display: Loaded TP Android_ATCTargetPlatform
[2020.06.09-14.03.55:317][  0]LogTemp: Display: Loaded TP Android_DXTTargetPlatform
[2020.06.09-14.03.55:327][  0]LogTemp: Display: Loaded TP Android_ETC1aTargetPlatform
[2020.06.09-14.03.55:338][  0]LogTemp: Display: Loaded TP Android_ETC1TargetPlatform
[2020.06.09-14.03.55:348][  0]LogTemp: Display: Loaded TP Android_ETC2TargetPlatform
[2020.06.09-14.03.55:370][  0]LogTemp: Display: Loaded TP Android_MultiTargetPlatform
[2020.06.09-14.03.55:370][  0]LogTemp: Display: Loaded TP Android_PVRTCTargetPlatform
[2020.06.09-14.03.55:380][  0]LogTemp: Display: Loaded TP AndroidTargetPlatform
[2020.06.09-14.03.55:381][  0]LogTemp: Display: Loaded TP HTML5TargetPlatform
[2020.06.09-14.03.55:417][  0]LogTemp: Display: Loaded TP IOSTargetPlatform
[2020.06.09-14.03.55:427][  0]LogTemp: Display: Loaded TP TVOSTargetPlatform
[2020.06.09-14.03.55:437][  0]LogTemp: Display: Loaded TP LinuxClientTargetPlatform
[2020.06.09-14.03.55:447][  0]LogTemp: Display: Loaded TP LinuxNoEditorTargetPlatform
[2020.06.09-14.03.55:457][  0]LogTemp: Display: Loaded TP LinuxServerTargetPlatform
[2020.06.09-14.03.55:467][  0]LogTemp: Display: Loaded TP LinuxTargetPlatform
[2020.06.09-14.03.55:467][  0]LogTargetPlatformManager: Display: Building Assets For Windows
[2020.06.09-14.03.55:570][  0]LogXGEController: Cannot use XGE Controller as Incredibuild is not installed on this machine.
[2020.06.09-14.03.55:570][  0]LogShaderCompilers: Cannot use XGE Shader Compiler as Incredibuild is not installed on this machine.
[2020.06.09-14.03.55:570][  0]LogShaderCompilers: Display: Using Local Shader Compiler.
[2020.06.09-14.03.56:113][  0]LogDerivedDataCache: Display: Max Cache Size: 512 MB
[2020.06.09-14.03.56:161][  0]LogDerivedDataCache: Loaded boot cache 0.05s 74MB C:/Users/Areong/AppData/Local/UnrealEngine/4.19/DerivedDataCache/Boot.ddc.
[2020.06.09-14.03.56:161][  0]LogDerivedDataCache: Display: Loaded Boot cache: C:/Users/Areong/AppData/Local/UnrealEngine/4.19/DerivedDataCache/Boot.ddc
[2020.06.09-14.03.56:161][  0]LogDerivedDataCache: FDerivedDataBackendGraph:  Pak pak cache file ../../../../../../Users/Areong/Documents/Github/UnrealBook/MyFirstUnreal/DerivedDataCache/DDC.ddp not found, will not use a pak cache.
[2020.06.09-14.03.56:161][  0]LogDerivedDataCache: Unable to find inner node Pak for hierarchical cache Hierarchy.
[2020.06.09-14.03.56:161][  0]LogDerivedDataCache: FDerivedDataBackendGraph:  CompressedPak pak cache file ../../../../../../Users/Areong/Documents/Github/UnrealBook/MyFirstUnreal/DerivedDataCache/Compressed.ddp not found, will not use a pak cache.
[2020.06.09-14.03.56:161][  0]LogDerivedDataCache: Unable to find inner node CompressedPak for hierarchical cache Hierarchy.
[2020.06.09-14.03.56:176][  0]LogDerivedDataCache: Display: Pak cache opened for reading ../../../Engine/DerivedDataCache/Compressed.ddp.
[2020.06.09-14.03.56:188][  0]LogDerivedDataCache: Using Local data cache path C:/Users/Areong/AppData/Local/UnrealEngine/Common/DerivedDataCache: Writable
[2020.06.09-14.03.56:188][  0]LogDerivedDataCache: Shared data cache path not found in *engine.ini, will not use an Shared cache.
[2020.06.09-14.03.56:188][  0]LogDerivedDataCache: Unable to find inner node Shared for hierarchical cache Hierarchy.
[2020.06.09-14.03.56:197][  0]LogMaterial: Verifying Global Shaders for PCD3D_SM5
[2020.06.09-14.03.56:197][  0]LogSlate: Using Freetype 2.6.0
[2020.06.09-14.03.56:197][  0]LogSlate: SlateFontCache - WITH_FREETYPE: 1, WITH_HARFBUZZ: 1
[2020.06.09-14.03.56:197][  0]LogSlate: SlateFontCache - WITH_FREETYPE: 1, WITH_HARFBUZZ: 1
[2020.06.09-14.03.56:294][  0]LogAssetRegistry: FAssetRegistry took 0.0254 seconds to start up
[2020.06.09-14.03.56:556][  0]LogInit: Selected Device Profile: [Windows]
[2020.06.09-14.03.56:676][  0]LogSimplygon: Simplygon DLL not present - disabling.
[2020.06.09-14.03.56:679][  0]LogMeshReduction: Using SimplygonSwarm for distributed automatic mesh merging
[2020.06.09-14.03.56:679][  0]LogMeshReduction: Using QuadricMeshReduction for automatic static mesh reduction
[2020.06.09-14.03.56:679][  0]LogMeshReduction: No automatic skeletal mesh reduction module available
[2020.06.09-14.03.56:679][  0]LogMeshReduction: No automatic mesh merging module available
[2020.06.09-14.03.56:679][  0]LogMeshMerging: No automatic mesh merging module available
[2020.06.09-14.03.56:709][  0]LogNetVersion: MyFirstUnreal , NetCL: 3944462, EngineNetVer: 2, GameNetVer: 0 (Checksum: 2957899377)
[2020.06.09-14.03.57:080][  0]LogPackageLocalizationCache: Processed 9 localized package path(s) for 2 prioritized culture(s) in 0.058214 seconds
[2020.06.09-14.03.57:084][  0]LogUObjectArray: 36728 objects as part of root set at end of initial load.
[2020.06.09-14.03.57:084][  0]LogUObjectAllocator: 7314312 out of 0 bytes used by permanent object pool.
[2020.06.09-14.03.57:084][  0]LogUObjectArray: CloseDisregardForGC: 0/0 objects in disregard for GC pool
[2020.06.09-14.03.58:405][  0]LogTcpMessaging: Initializing TcpMessaging bridge
[2020.06.09-14.03.58:438][  0]LogUdpMessaging: Initializing bridge on interface 0.0.0.0:0 to multicast group 230.0.0.1:6666.
[2020.06.09-14.03.58:734][  0]SourceControl: 소스 콘트롤이 꺼졌습니다.
[2020.06.09-14.03.58:734][  0]SourceControl: 소스 콘트롤이 꺼졌습니다.
[2020.06.09-14.03.58:747][  0]SourceControl: 소스 콘트롤이 꺼졌습니다.
[2020.06.09-14.03.58:760][  0]SourceControl: 소스 콘트롤이 꺼졌습니다.
[2020.06.09-14.03.59:148][  0]LogAndroidPermission: UAndroidPermissionCallbackProxy::GetInstance
[2020.06.09-14.03.59:286][  0]LogOcInput: OculusInput pre-init called
[2020.06.09-14.03.59:372][  0]LogEngine: Initializing Engine...
[2020.06.09-14.03.59:373][  0]LogHMD: Failed to initialize OpenVR with code 110
[2020.06.09-14.03.59:374][  0]LogStats: UGameplayTagsManager::ConstructGameplayTagTree: Construct from data asset -  0.000 s
[2020.06.09-14.03.59:374][  0]LogStats: UGameplayTagsManager::ConstructGameplayTagTree: GameplayTagTreeChangedEvent.Broadcast -  0.000 s
[2020.06.09-14.03.59:534][  0]LogAIModule: Creating AISystem for world Untitled
[2020.06.09-14.03.59:588][  0]LogInit: XAudio2 using 'UDEA Monitor(2- NVIDIA High Definition Audio)' : 2 channels at 48 kHz using 16 bits per sample (channel mask 0x3)
[2020.06.09-14.03.59:614][  0]LogInit: FAudioDevice initialized.
[2020.06.09-14.03.59:651][  0]LogDerivedDataCache: Saved boot cache 0.04s 74MB C:/Users/Areong/AppData/Local/UnrealEngine/4.19/DerivedDataCache/Boot.ddc.
[2020.06.09-14.03.59:668][  0]LogInit: Texture streaming: Enabled
[2020.06.09-14.03.59:685][  0]LogEngineSessionManager: EngineSessionManager initialized
[2020.06.09-14.03.59:700][  0]LogInit: Transaction tracking system initialized
[2020.06.09-14.03.59:724][  0]BlueprintLog: New page: 에디터 로드
[2020.06.09-14.03.59:854][  0]LocalizationService: 현지화 서비스가 비활성화되었습니다.
[2020.06.09-14.03.59:953][  0]LogConsoleResponse: Display: 
[2020.06.09-14.04.00:051][  0]LogFileCache: Scanning file cache for directory 'C:/Users/Areong/Documents/Github/UnrealBook/MyFirstUnreal/Content/' took 0.01s
[2020.06.09-14.04.00:051][  0]LogCook: Display: Max memory allowance for cook 16384mb min free memory 0mb
[2020.06.09-14.04.00:051][  0]LogCook: Display: Mobile HDR setting 1
[2020.06.09-14.04.00:051][  0]LogGameplayTags: Display: UGameplayTagsManager::DoneAddingNativeTags. DelegateIsBound: 0
[2020.06.09-14.04.00:051][  0]LogStats: UGameplayTagsManager::ConstructGameplayTagTree: Construct from data asset -  0.000 s
[2020.06.09-14.04.00:051][  0]LogStats: UGameplayTagsManager::ConstructGameplayTagTree: GameplayTagTreeChangedEvent.Broadcast -  0.000 s
[2020.06.09-14.04.00:355][  0]SourceControl: 소스 콘트롤이 꺼졌습니다.
[2020.06.09-14.04.00:355][  0]Cmd: MAP LOAD FILE="../../../Engine/Content/Maps/Templates/Template_Default.umap" TEMPLATE=1 SHOWPROGRESS=1 FEATURELEVEL=3
[2020.06.09-14.04.00:356][  0]LightingResults: New page: 라이팅 빌드
[2020.06.09-14.04.00:359][  0]MapCheck: New page: 맵 체크
[2020.06.09-14.04.00:359][  0]LightingResults: New page: 라이팅 빌드
[2020.06.09-14.04.00:500][  0]LogAIModule: Creating AISystem for world Untitled_1
[2020.06.09-14.04.00:504][  0]LogEditorServer: Finished looking for orphan Actors (0.000 secs)
[2020.06.09-14.04.00:510][  0]Cmd: MAP CHECKDEP NOCLEARLOG
[2020.06.09-14.04.00:544][  0]MapCheck: 맵 체크 완료: 오류 0 회, 경고 0 회, 소요 시간 33.721ms.
[2020.06.09-14.04.00:544][  0]LogFileHelpers: Loading map 'Template_Default' took 0.189
[2020.06.09-14.04.00:688][  0]LogCollectionManager: Loaded 0 collections in 0.002031 seconds
[2020.06.09-14.04.00:741][  0]LogFileCache: Scanning file cache for directory 'C:/Users/Areong/Documents/Github/UnrealBook/MyFirstUnreal/Saved/Collections/' took 0.01s
[2020.06.09-14.04.00:741][  0]LogFileCache: Scanning file cache for directory 'C:/Users/Areong/Documents/Github/UnrealBook/MyFirstUnreal/Content/Developers/Areong/Collections/' took 0.01s
[2020.06.09-14.04.00:741][  0]LogFileCache: Scanning file cache for directory 'C:/Users/Areong/Documents/Github/UnrealBook/MyFirstUnreal/Content/Collections/' took 0.01s
[2020.06.09-14.04.00:741][  0]LogCollectionManager: Rebuilt the GUID cache for 0 collections in 0.000000 seconds
[2020.06.09-14.04.00:751][  0]LogContentBrowser: Native class hierarchy populated in 0.0090 seconds. Added 2453 classes and 560 folders.
[2020.06.09-14.04.00:761][  0]LogContentBrowser: Native class hierarchy updated for 'WidgetCarousel' in 0.0006 seconds. Added 0 classes and 0 folders.
[2020.06.09-14.04.00:790][  0]LogContentBrowser: Native class hierarchy updated for 'AddContentDialog' in 0.0004 seconds. Added 0 classes and 0 folders.
[2020.06.09-14.04.00:796][  0]LogContentBrowser: Native class hierarchy updated for 'SceneOutliner' in 0.0005 seconds. Added 1 classes and 2 folders.
[2020.06.09-14.04.00:843][  0]LogSlate: Took 0.000174 seconds to synchronously load lazily loaded font '../../../Engine/Content/Slate/Fonts/Roboto-Regular.ttf' (155K)
[2020.06.09-14.04.00:846][  0]LogSlate: Took 0.001705 seconds to synchronously load lazily loaded font '../../../Engine/Content/Editor/Slate/Fonts/NanumGothic.ttf' (4243K)
[2020.06.09-14.04.00:848][  0]LogSlate: Took 0.001827 seconds to synchronously load lazily loaded font '../../../Engine/Content/Editor/Slate/Fonts/NanumGothicBold.ttf' (4188K)
[2020.06.09-14.04.00:849][  0]LogSlate: Took 0.000168 seconds to synchronously load lazily loaded font '../../../Engine/Content/Slate/Fonts/Roboto-Bold.ttf' (160K)
[2020.06.09-14.04.00:853][  0]LogSlate: Took 0.000116 seconds to synchronously load lazily loaded font '../../../Engine/Content/Editor/Slate/Fonts/FontAwesome.ttf' (139K)
[2020.06.09-14.04.00:923][  0]LogRenderer: Reallocating scene render targets to support 1208x576 Format 10 NumSamples 1 (Frame:1).
[2020.06.09-14.04.01:084][  0]LogSlate: FSceneViewport::OnFocusLost() reason 2
[2020.06.09-14.04.01:098][  0]LogSlate: Window '튜토리얼' being destroyed
[2020.06.09-14.04.01:129][  0]LogContentBrowser: Native class hierarchy updated for 'HierarchicalLODOutliner' in 0.0004 seconds. Added 0 classes and 0 folders.
[2020.06.09-14.04.01:129][  0]LogLoad: (Engine Initialization) Total time: 9.56 seconds
[2020.06.09-14.04.01:129][  0]LogLoad: (Engine Initialization) Total Blueprint compile time: 0.00 seconds
[2020.06.09-14.04.01:158][  0]LogAssetRegistry: Asset discovery search completed in 4.8866 seconds
[2020.06.09-14.04.01:160][  0]LogCollectionManager: Rebuilt the object cache for 0 collections in 0.000000 seconds (found 0 objects)
[2020.06.09-14.04.01:160][  0]LogCollectionManager: Fixed up redirectors for 0 collections in 0.000031 seconds (updated 0 objects)
[2020.06.09-14.04.01:163][  0]LogContentStreaming: Texture pool size now 1000 MB
[2020.06.09-14.04.12:377][322]LogSlate: FSceneViewport::OnFocusLost() reason 0
[2020.06.09-14.04.16:477][331]LogSlate: Window '레벨 다른 이름으로 저장' being destroyed
[2020.06.09-14.04.25:569][826]LogSlate: Window '레벨 다른 이름으로 저장' being destroyed
[2020.06.09-14.04.25:616][826]LogSlate: Took 0.000119 seconds to synchronously load lazily loaded font '../../../Engine/Content/Slate/Fonts/Roboto-Light.ttf' (167K)
[2020.06.09-14.04.25:626][826]Cmd: OBJ SAVEPACKAGE PACKAGE="/Game/FirstMap" FILE="../../../../../../Users/Areong/Documents/Github/UnrealBook/MyFirstUnreal/Content/FirstMap.umap" SILENT=true AUTOSAVING=false KEEPDIRTY=false
[2020.06.09-14.04.25:661][826]LogSavePackage: Save=23.52ms
[2020.06.09-14.04.25:661][826]LogSavePackage: Moving '../../../../../../Users/Areong/Documents/Github/UnrealBook/MyFirstUnreal/Saved/FirstMap24CC5AF0437E2FED06438C9AEFEA9985.tmp' to '../../../../../../Users/Areong/Documents/Github/UnrealBook/MyFirstUnreal/Content/FirstMap.umap'
[2020.06.09-14.04.25:662][826]LogSavePackage: Display: Finished SavePackage ../../../../../../Users/Areong/Documents/Github/UnrealBook/MyFirstUnreal/Content/FirstMap.umap
[2020.06.09-14.04.25:682][826]Cmd: OBJ SAVEPACKAGE PACKAGE="/Game/FirstMap_BuiltData" FILE="../../../../../../Users/Areong/Documents/Github/UnrealBook/MyFirstUnreal/Content/FirstMap_BuiltData.uasset" SILENT=true
[2020.06.09-14.04.25:697][826]LogSavePackage: Save=13.09ms
[2020.06.09-14.04.25:697][826]LogSavePackage: Moving '../../../../../../Users/Areong/Documents/Github/UnrealBook/MyFirstUnreal/Saved/FirstMap_BuiltData1065221848ACD9C772D2A78854604F52.tmp' to '../../../../../../Users/Areong/Documents/Github/UnrealBook/MyFirstUnreal/Content/FirstMap_BuiltData.uasset'
[2020.06.09-14.04.25:698][826]LogSavePackage: Display: Finished SavePackage ../../../../../../Users/Areong/Documents/Github/UnrealBook/MyFirstUnreal/Content/FirstMap_BuiltData.uasset
[2020.06.09-14.04.25:702][826]LogFileHelpers: Saving map 'FirstMap' took 0.124
[2020.06.09-14.04.25:724][828]LogSlate: Took 0.000125 seconds to synchronously load lazily loaded font '../../../Engine/Content/Slate/Fonts/Roboto-Light.ttf' (167K)
